<?xml version="1.0" encoding="UTF-8"?>
<!-- Generated by org.testng.reporters.JUnitXMLReporter -->
<testsuite ignored="0" hostname="DESKTOP-APIROOT" failures="0" tests="8" name="Default test" time="101.182" errors="0" timestamp="2022-09-13T10:51:40 IST">
  <testcase classname="com.sgtesting.TestNgscenario.UserScenario" name="launchBrowser" time="5.248"/>
  <testcase classname="com.sgtesting.TestNgscenario.UserScenario" name="navigate" time="68.818"/>
  <testcase classname="com.sgtesting.TestNgscenario.UserScenario" name="login" time="21.538"/>
  <testcase classname="com.sgtesting.TestNgscenario.UserScenario" name="minimizeFlyOutWindow" time="0.244"/>
  <testcase classname="com.sgtesting.TestNgscenario.UserScenario" name="createUser" time="0.03"/>
  <testcase classname="com.sgtesting.TestNgscenario.UserScenario" name="deleteUser" time="0.03"/>
  <testcase classname="com.sgtesting.TestNgscenario.UserScenario" name="logout" time="0.035"/>
  <testcase classname="com.sgtesting.TestNgscenario.UserScenario" name="closeApplication" time="5.132"/>
</testsuite> <!-- Default test -->
