<?xml version="1.0" encoding="UTF-8"?>
<!-- Generated by org.testng.reporters.JUnitXMLReporter -->
<testsuite hostname="DESKTOP-APIROOT" ignored="0" name="Default test" tests="3" failures="0" timestamp="2022-10-03T20:26:23 IST" time="29.134" errors="0">
  <testcase name="launchBrowser" time="12.534" classname="com.sgtesting.actitime.stepdefinitions.LoginLogout"/>
  <testcase name="navigate" time="12.057" classname="com.sgtesting.actitime.stepdefinitions.LoginLogout"/>
  <testcase name="login" time="4.402" classname="com.sgtesting.actitime.stepdefinitions.LoginLogout"/>
</testsuite> <!-- Default test -->
