<?xml version="1.0" encoding="UTF-8"?>
<testng-results skipped="0" failed="0" ignored="0" total="3" passed="3">
  <reporter-output>
  </reporter-output>
  <suite name="Default suite" duration-ms="29134" started-at="2022-10-03T20:25:54 IST" finished-at="2022-10-03T20:26:23 IST">
    <groups>
    </groups>
    <test name="Default test" duration-ms="29134" started-at="2022-10-03T20:25:54 IST" finished-at="2022-10-03T20:26:23 IST">
      <class name="com.sgtesting.actitime.stepdefinitions.LoginLogout">
        <test-method status="PASS" signature="launchBrowser()[pri:1, instance:com.sgtesting.actitime.stepdefinitions.LoginLogout@7a30d1e6]" name="launchBrowser" duration-ms="12534" started-at="2022-10-03T20:25:54 IST" finished-at="2022-10-03T20:26:06 IST">
          <reporter-output>
          </reporter-output>
        </test-method> <!-- launchBrowser -->
        <test-method status="PASS" signature="navigate()[pri:2, instance:com.sgtesting.actitime.stepdefinitions.LoginLogout@7a30d1e6]" name="navigate" duration-ms="12057" started-at="2022-10-03T20:26:06 IST" finished-at="2022-10-03T20:26:18 IST">
          <reporter-output>
          </reporter-output>
        </test-method> <!-- navigate -->
        <test-method status="PASS" signature="login()[pri:3, instance:com.sgtesting.actitime.stepdefinitions.LoginLogout@7a30d1e6]" name="login" duration-ms="4402" started-at="2022-10-03T20:26:18 IST" finished-at="2022-10-03T20:26:23 IST">
          <reporter-output>
          </reporter-output>
        </test-method> <!-- login -->
      </class> <!-- com.sgtesting.actitime.stepdefinitions.LoginLogout -->
    </test> <!-- Default test -->
  </suite> <!-- Default suite -->
</testng-results>
