<?xml version="1.0" encoding="UTF-8"?>
<testng-results ignored="0" total="8" passed="8" failed="0" skipped="0">
  <reporter-output>
  </reporter-output>
  <suite started-at="2022-09-13T10:49:59 IST" name="Default suite" finished-at="2022-09-13T10:51:40 IST" duration-ms="101182">
    <groups>
    </groups>
    <test started-at="2022-09-13T10:49:59 IST" name="Default test" finished-at="2022-09-13T10:51:40 IST" duration-ms="101182">
      <class name="com.sgtesting.TestNgscenario.UserScenario">
        <test-method signature="launchBrowser()[pri:1, instance:com.sgtesting.TestNgscenario.UserScenario@25084a1e]" started-at="2022-09-13T10:49:59 IST" name="launchBrowser" finished-at="2022-09-13T10:50:04 IST" duration-ms="5248" status="PASS">
          <reporter-output>
          </reporter-output>
        </test-method> <!-- launchBrowser -->
        <test-method signature="navigate()[pri:2, instance:com.sgtesting.TestNgscenario.UserScenario@25084a1e]" started-at="2022-09-13T10:50:04 IST" name="navigate" finished-at="2022-09-13T10:51:13 IST" duration-ms="68818" status="PASS">
          <reporter-output>
          </reporter-output>
        </test-method> <!-- navigate -->
        <test-method signature="login(java.lang.String,java.lang.String)[pri:3, instance:com.sgtesting.TestNgscenario.UserScenario@25084a1e]" started-at="2022-09-13T10:51:13 IST" name="login" data-provider="getCredentials" finished-at="2022-09-13T10:51:35 IST" duration-ms="21538" status="PASS">
          <params>
            <param index="0">
              <value>
                <![CDATA[admin]]>
              </value>
            </param>
            <param index="1">
              <value>
                <![CDATA[manager]]>
              </value>
            </param>
          </params>
          <reporter-output>
          </reporter-output>
        </test-method> <!-- login -->
        <test-method signature="minimizeFlyOutWindow()[pri:4, instance:com.sgtesting.TestNgscenario.UserScenario@25084a1e]" started-at="2022-09-13T10:51:35 IST" name="minimizeFlyOutWindow" finished-at="2022-09-13T10:51:35 IST" duration-ms="244" status="PASS">
          <reporter-output>
          </reporter-output>
        </test-method> <!-- minimizeFlyOutWindow -->
        <test-method signature="createUser()[pri:5, instance:com.sgtesting.TestNgscenario.UserScenario@25084a1e]" started-at="2022-09-13T10:51:35 IST" name="createUser" finished-at="2022-09-13T10:51:35 IST" duration-ms="30" status="PASS">
          <reporter-output>
          </reporter-output>
        </test-method> <!-- createUser -->
        <test-method signature="deleteUser()[pri:6, instance:com.sgtesting.TestNgscenario.UserScenario@25084a1e]" started-at="2022-09-13T10:51:35 IST" name="deleteUser" finished-at="2022-09-13T10:51:35 IST" duration-ms="30" status="PASS">
          <reporter-output>
          </reporter-output>
        </test-method> <!-- deleteUser -->
        <test-method signature="logout()[pri:7, instance:com.sgtesting.TestNgscenario.UserScenario@25084a1e]" started-at="2022-09-13T10:51:35 IST" name="logout" finished-at="2022-09-13T10:51:35 IST" duration-ms="35" status="PASS">
          <reporter-output>
          </reporter-output>
        </test-method> <!-- logout -->
        <test-method signature="closeApplication()[pri:8, instance:com.sgtesting.TestNgscenario.UserScenario@25084a1e]" started-at="2022-09-13T10:51:35 IST" name="closeApplication" finished-at="2022-09-13T10:51:40 IST" duration-ms="5132" status="PASS">
          <reporter-output>
          </reporter-output>
        </test-method> <!-- closeApplication -->
      </class> <!-- com.sgtesting.TestNgscenario.UserScenario -->
    </test> <!-- Default test -->
  </suite> <!-- Default suite -->
</testng-results>
